[19:29:39] [main/INFO]: LiteLoader 1.12.2 starting up...
[19:29:39] [main/INFO]: Active Pack: 1.12.2-SNAPSHOT-r47E1F2F-b3-3
[19:29:39] [main/INFO]: Java reports OS="windows 10"
[19:29:39] [main/INFO]: Adding supported mod class prefix 'LiteMod'
[19:29:40] [main/INFO]: Enumerating class path...
[19:29:40] [main/INFO]: Class path separator=";"
[19:29:40] [main/INFO]: Class path entries=(
   classpathEntry=C:\Users\MuhsinunC\AppData\Roaming\.minecraft\libraries\net\minecraftforge\forge\1.12.2-14.23.0.2503\forge-1.12.2-14.23.0.2503.jar
   classpathEntry=C:\Users\MuhsinunC\AppData\Roaming\.minecraft\libraries\net\minecraft\launchwrapper\1.12\launchwrapper-1.12.jar
   classpathEntry=C:\Users\MuhsinunC\AppData\Roaming\.minecraft\libraries\org\ow2\asm\asm-all\5.2\asm-all-5.2.jar
   classpathEntry=C:\Users\MuhsinunC\AppData\Roaming\.minecraft\libraries\jline\jline\2.13\jline-2.13.jar
   classpathEntry=C:\Users\MuhsinunC\AppData\Roaming\.minecraft\libraries\com\typesafe\akka\akka-actor_2.11\2.3.3\akka-actor_2.11-2.3.3.jar
   classpathEntry=C:\Users\MuhsinunC\AppData\Roaming\.minecraft\libraries\com\typesafe\config\1.2.1\config-1.2.1.jar
   classpathEntry=C:\Users\MuhsinunC\AppData\Roaming\.minecraft\libraries\org\scala-lang\scala-actors-migration_2.11\1.1.0\scala-actors-migration_2.11-1.1.0.jar
   classpathEntry=C:\Users\MuhsinunC\AppData\Roaming\.minecraft\libraries\org\scala-lang\scala-compiler\2.11.1\scala-compiler-2.11.1.jar
   classpathEntry=C:\Users\MuhsinunC\AppData\Roaming\.minecraft\libraries\org\scala-lang\plugins\scala-continuations-library_2.11\1.0.2\scala-continuations-library_2.11-1.0.2.jar
   classpathEntry=C:\Users\MuhsinunC\AppData\Roaming\.minecraft\libraries\org\scala-lang\plugins\scala-continuations-plugin_2.11.1\1.0.2\scala-continuations-plugin_2.11.1-1.0.2.jar
   classpathEntry=C:\Users\MuhsinunC\AppData\Roaming\.minecraft\libraries\org\scala-lang\scala-library\2.11.1\scala-library-2.11.1.jar
   classpathEntry=C:\Users\MuhsinunC\AppData\Roaming\.minecraft\libraries\org\scala-lang\scala-parser-combinators_2.11\1.0.1\scala-parser-combinators_2.11-1.0.1.jar
   classpathEntry=C:\Users\MuhsinunC\AppData\Roaming\.minecraft\libraries\org\scala-lang\scala-reflect\2.11.1\scala-reflect-2.11.1.jar
   classpathEntry=C:\Users\MuhsinunC\AppData\Roaming\.minecraft\libraries\org\scala-lang\scala-swing_2.11\1.0.1\scala-swing_2.11-1.0.1.jar
   classpathEntry=C:\Users\MuhsinunC\AppData\Roaming\.minecraft\libraries\org\scala-lang\scala-xml_2.11\1.0.2\scala-xml_2.11-1.0.2.jar
   classpathEntry=C:\Users\MuhsinunC\AppData\Roaming\.minecraft\libraries\lzma\lzma\0.0.1\lzma-0.0.1.jar
   classpathEntry=C:\Users\MuhsinunC\AppData\Roaming\.minecraft\libraries\net\sf\jopt-simple\jopt-simple\5.0.3\jopt-simple-5.0.3.jar
   classpathEntry=C:\Users\MuhsinunC\AppData\Roaming\.minecraft\libraries\java3d\vecmath\1.5.2\vecmath-1.5.2.jar
   classpathEntry=C:\Users\MuhsinunC\AppData\Roaming\.minecraft\libraries\net\sf\trove4j\trove4j\3.0.3\trove4j-3.0.3.jar
   classpathEntry=C:\Users\MuhsinunC\AppData\Roaming\.minecraft\libraries\net\minecraftforge\MercuriusUpdater\1.12.2\MercuriusUpdater-1.12.2.jar
   classpathEntry=C:\Users\MuhsinunC\AppData\Roaming\.minecraft\libraries\com\mojang\patchy\1.1\patchy-1.1.jar
   classpathEntry=C:\Users\MuhsinunC\AppData\Roaming\.minecraft\libraries\oshi-project\oshi-core\1.1\oshi-core-1.1.jar
   classpathEntry=C:\Users\MuhsinunC\AppData\Roaming\.minecraft\libraries\net\java\dev\jna\jna\4.4.0\jna-4.4.0.jar
   classpathEntry=C:\Users\MuhsinunC\AppData\Roaming\.minecraft\libraries\net\java\dev\jna\platform\3.4.0\platform-3.4.0.jar
   classpathEntry=C:\Users\MuhsinunC\AppData\Roaming\.minecraft\libraries\com\ibm\icu\icu4j-core-mojang\51.2\icu4j-core-mojang-51.2.jar
   classpathEntry=C:\Users\MuhsinunC\AppData\Roaming\.minecraft\libraries\net\sf\jopt-simple\jopt-simple\5.0.3\jopt-simple-5.0.3.jar
   classpathEntry=C:\Users\MuhsinunC\AppData\Roaming\.minecraft\libraries\com\paulscode\codecjorbis\20101023\codecjorbis-20101023.jar
   classpathEntry=C:\Users\MuhsinunC\AppData\Roaming\.minecraft\libraries\com\paulscode\codecwav\20101023\codecwav-20101023.jar
   classpathEntry=C:\Users\MuhsinunC\AppData\Roaming\.minecraft\libraries\com\paulscode\libraryjavasound\20101123\libraryjavasound-20101123.jar
   classpathEntry=C:\Users\MuhsinunC\AppData\Roaming\.minecraft\libraries\com\paulscode\librarylwjglopenal\20100824\librarylwjglopenal-20100824.jar
   classpathEntry=C:\Users\MuhsinunC\AppData\Roaming\.minecraft\libraries\com\paulscode\soundsystem\20120107\soundsystem-20120107.jar
   classpathEntry=C:\Users\MuhsinunC\AppData\Roaming\.minecraft\libraries\io\netty\netty-all\4.1.9.Final\netty-all-4.1.9.Final.jar
   classpathEntry=C:\Users\MuhsinunC\AppData\Roaming\.minecraft\libraries\com\google\guava\guava\21.0\guava-21.0.jar
   classpathEntry=C:\Users\MuhsinunC\AppData\Roaming\.minecraft\libraries\org\apache\commons\commons-lang3\3.5\commons-lang3-3.5.jar
   classpathEntry=C:\Users\MuhsinunC\AppData\Roaming\.minecraft\libraries\commons-io\commons-io\2.5\commons-io-2.5.jar
   classpathEntry=C:\Users\MuhsinunC\AppData\Roaming\.minecraft\libraries\commons-codec\commons-codec\1.10\commons-codec-1.10.jar
   classpathEntry=C:\Users\MuhsinunC\AppData\Roaming\.minecraft\libraries\net\java\jinput\jinput\2.0.5\jinput-2.0.5.jar
   classpathEntry=C:\Users\MuhsinunC\AppData\Roaming\.minecraft\libraries\net\java\jutils\jutils\1.0.0\jutils-1.0.0.jar
   classpathEntry=C:\Users\MuhsinunC\AppData\Roaming\.minecraft\libraries\com\google\code\gson\gson\2.8.0\gson-2.8.0.jar
   classpathEntry=C:\Users\MuhsinunC\AppData\Roaming\.minecraft\libraries\com\mojang\authlib\1.5.25\authlib-1.5.25.jar
   classpathEntry=C:\Users\MuhsinunC\AppData\Roaming\.minecraft\libraries\com\mojang\realms\1.10.17\realms-1.10.17.jar
   classpathEntry=C:\Users\MuhsinunC\AppData\Roaming\.minecraft\libraries\org\apache\commons\commons-compress\1.8.1\commons-compress-1.8.1.jar
   classpathEntry=C:\Users\MuhsinunC\AppData\Roaming\.minecraft\libraries\org\apache\httpcomponents\httpclient\4.3.3\httpclient-4.3.3.jar
   classpathEntry=C:\Users\MuhsinunC\AppData\Roaming\.minecraft\libraries\commons-logging\commons-logging\1.1.3\commons-logging-1.1.3.jar
   classpathEntry=C:\Users\MuhsinunC\AppData\Roaming\.minecraft\libraries\org\apache\httpcomponents\httpcore\4.3.2\httpcore-4.3.2.jar
   classpathEntry=C:\Users\MuhsinunC\AppData\Roaming\.minecraft\libraries\it\unimi\dsi\fastutil\7.1.0\fastutil-7.1.0.jar
   classpathEntry=C:\Users\MuhsinunC\AppData\Roaming\.minecraft\libraries\org\apache\logging\log4j\log4j-api\2.8.1\log4j-api-2.8.1.jar
   classpathEntry=C:\Users\MuhsinunC\AppData\Roaming\.minecraft\libraries\org\apache\logging\log4j\log4j-core\2.8.1\log4j-core-2.8.1.jar
   classpathEntry=C:\Users\MuhsinunC\AppData\Roaming\.minecraft\libraries\org\lwjgl\lwjgl\lwjgl\2.9.4-nightly-20150209\lwjgl-2.9.4-nightly-20150209.jar
   classpathEntry=C:\Users\MuhsinunC\AppData\Roaming\.minecraft\libraries\org\lwjgl\lwjgl\lwjgl_util\2.9.4-nightly-20150209\lwjgl_util-2.9.4-nightly-20150209.jar
   classpathEntry=C:\Users\MuhsinunC\AppData\Roaming\.minecraft\libraries\com\mojang\text2speech\1.10.3\text2speech-1.10.3.jar
   classpathEntry=C:\Users\MuhsinunC\AppData\Roaming\.minecraft\versions\1.12.2\1.12.2.jar
)
[19:29:40] [main/INFO]: Registering discovery module EnumeratorModuleClassPath: [<Java Class Path>]
[19:29:40] [main/INFO]: Registering discovery module EnumeratorModuleFolder: [C:\Users\MuhsinunC\AppData\Roaming\.minecraft\mods\Zenos Adventure Modpack 1.12.2\mods]
[19:29:40] [main/INFO]: Registering discovery module EnumeratorModuleFolder: [C:\Users\MuhsinunC\AppData\Roaming\.minecraft\mods\Zenos Adventure Modpack 1.12.2\mods\1.12.2]
[19:29:40] [main/INFO]: Registering enumerator plugin DefaultEnumeratorPlugin: [com.mumfrey.liteloader.core.api.DefaultEnumeratorPlugin@af9a89f]
[19:29:40] [main/INFO]: Discovering valid mod files in folder C:\Users\MuhsinunC\AppData\Roaming\.minecraft\mods\Zenos Adventure Modpack 1.12.2\mods
[19:29:40] [main/INFO]: Inspecting jar metadata in 'cfm-4.1.5-mc1.12.jar'
[19:29:40] [main/INFO]: Ignoring C:\Users\MuhsinunC\AppData\Roaming\.minecraft\mods\Zenos Adventure Modpack 1.12.2\mods\cfm-4.1.5-mc1.12.jar
[19:29:40] [main/INFO]: Inspecting jar metadata in 'ChickenChunks-1.12-2.4.0.70-universal.jar'
[19:29:40] [main/INFO]: Ignoring C:\Users\MuhsinunC\AppData\Roaming\.minecraft\mods\Zenos Adventure Modpack 1.12.2\mods\ChickenChunks-1.12-2.4.0.70-universal.jar
[19:29:40] [main/INFO]: Inspecting jar metadata in 'Chisel-MC1.12-0.0.14.18.jar'
[19:29:40] [main/INFO]: Ignoring C:\Users\MuhsinunC\AppData\Roaming\.minecraft\mods\Zenos Adventure Modpack 1.12.2\mods\Chisel-MC1.12-0.0.14.18.jar
[19:29:40] [main/INFO]: Inspecting jar metadata in 'CodeChickenLib-1.12-3.1.3.313-universal.jar'
[19:29:40] [main/INFO]: Ignoring C:\Users\MuhsinunC\AppData\Roaming\.minecraft\mods\Zenos Adventure Modpack 1.12.2\mods\CodeChickenLib-1.12-3.1.3.313-universal.jar
[19:29:40] [main/INFO]: Inspecting jar metadata in 'CoFHCore-1.12-4.3.6.14-universal.jar'
[19:29:40] [main/INFO]: Ignoring C:\Users\MuhsinunC\AppData\Roaming\.minecraft\mods\Zenos Adventure Modpack 1.12.2\mods\CoFHCore-1.12-4.3.6.14-universal.jar
[19:29:40] [main/INFO]: Inspecting jar metadata in 'CoFHWorld-1.12-1.0.1.8-universal.jar'
[19:29:40] [main/INFO]: Ignoring C:\Users\MuhsinunC\AppData\Roaming\.minecraft\mods\Zenos Adventure Modpack 1.12.2\mods\CoFHWorld-1.12-1.0.1.8-universal.jar
[19:29:40] [main/INFO]: Inspecting jar metadata in 'CTM-MC1.12-0.2.3.9.jar'
[19:29:40] [main/INFO]: Ignoring C:\Users\MuhsinunC\AppData\Roaming\.minecraft\mods\Zenos Adventure Modpack 1.12.2\mods\CTM-MC1.12-0.2.3.9.jar
[19:29:40] [main/INFO]: Inspecting jar metadata in 'extrautils2-1.12-1.6.4.jar'
[19:29:40] [main/INFO]: Ignoring C:\Users\MuhsinunC\AppData\Roaming\.minecraft\mods\Zenos Adventure Modpack 1.12.2\mods\extrautils2-1.12-1.6.4.jar
[19:29:40] [main/INFO]: Inspecting jar metadata in 'gravestone-1.10.0.jar'
[19:29:40] [main/INFO]: Ignoring C:\Users\MuhsinunC\AppData\Roaming\.minecraft\mods\Zenos Adventure Modpack 1.12.2\mods\gravestone-1.10.0.jar
[19:29:40] [main/INFO]: Inspecting jar metadata in 'industrialcraft-2-2.8.16-ex112.jar'
[19:29:40] [main/INFO]: Ignoring C:\Users\MuhsinunC\AppData\Roaming\.minecraft\mods\Zenos Adventure Modpack 1.12.2\mods\industrialcraft-2-2.8.16-ex112.jar
[19:29:40] [main/INFO]: Inspecting jar metadata in 'inventorypets-1.12-1.4.9.9a.jar'
[19:29:40] [main/INFO]: Ignoring C:\Users\MuhsinunC\AppData\Roaming\.minecraft\mods\Zenos Adventure Modpack 1.12.2\mods\inventorypets-1.12-1.4.9.9a.jar
[19:29:40] [main/INFO]: Inspecting jar metadata in 'InventoryTweaks-1.63.jar'
[19:29:40] [main/INFO]: Ignoring C:\Users\MuhsinunC\AppData\Roaming\.minecraft\mods\Zenos Adventure Modpack 1.12.2\mods\InventoryTweaks-1.63.jar
[19:29:40] [main/INFO]: Inspecting jar metadata in 'jei_1.12.2-4.8.0.108.jar'
[19:29:40] [main/INFO]: Ignoring C:\Users\MuhsinunC\AppData\Roaming\.minecraft\mods\Zenos Adventure Modpack 1.12.2\mods\jei_1.12.2-4.8.0.108.jar
[19:29:40] [main/INFO]: Inspecting jar metadata in 'liteloader-1.12.2-SNAPSHOT-release.jar'
[19:29:40] [main/INFO]: Ignoring C:\Users\MuhsinunC\AppData\Roaming\.minecraft\mods\Zenos Adventure Modpack 1.12.2\mods\liteloader-1.12.2-SNAPSHOT-release.jar
[19:29:40] [main/INFO]: Inspecting jar metadata in 'Mantle-1.12-1.3.1.21.jar'
[19:29:40] [main/INFO]: Ignoring C:\Users\MuhsinunC\AppData\Roaming\.minecraft\mods\Zenos Adventure Modpack 1.12.2\mods\Mantle-1.12-1.3.1.21.jar
[19:29:40] [main/INFO]: Inspecting jar metadata in 'mcjtylib-1.12-2.4.4.jar'
[19:29:40] [main/INFO]: Ignoring C:\Users\MuhsinunC\AppData\Roaming\.minecraft\mods\Zenos Adventure Modpack 1.12.2\mods\mcjtylib-1.12-2.4.4.jar
[19:29:40] [main/INFO]: Not adding invalid or version-mismatched mod file: C:\Users\MuhsinunC\AppData\Roaming\.minecraft\mods\Zenos Adventure Modpack 1.12.2\mods\mod_voxelMap_1.7.0_for_1.12.1.litemod
[19:29:40] [main/INFO]: Inspecting jar metadata in 'MorePlayerModels_1.12.0(16jul17).jar'
[19:29:40] [main/INFO]: Ignoring C:\Users\MuhsinunC\AppData\Roaming\.minecraft\mods\Zenos Adventure Modpack 1.12.2\mods\MorePlayerModels_1.12.0(16jul17).jar
[19:29:40] [main/INFO]: Inspecting jar metadata in 'MrTJPCore-1.10.2-2.0.1.20-universal.jar'
[19:29:40] [main/INFO]: Ignoring C:\Users\MuhsinunC\AppData\Roaming\.minecraft\mods\Zenos Adventure Modpack 1.12.2\mods\MrTJPCore-1.10.2-2.0.1.20-universal.jar
[19:29:40] [main/INFO]: Inspecting jar metadata in 'NotEnoughItems-1.12-2.4.0.231-universal.jar'
[19:29:40] [main/INFO]: Ignoring C:\Users\MuhsinunC\AppData\Roaming\.minecraft\mods\Zenos Adventure Modpack 1.12.2\mods\NotEnoughItems-1.12-2.4.0.231-universal.jar
[19:29:40] [main/INFO]: Inspecting jar metadata in 'Pam's HarvestCraft 1.12.2a.jar'
[19:29:40] [main/INFO]: Ignoring C:\Users\MuhsinunC\AppData\Roaming\.minecraft\mods\Zenos Adventure Modpack 1.12.2\mods\Pam's HarvestCraft 1.12.2a.jar
[19:29:40] [main/INFO]: Inspecting jar metadata in 'preview-OptiFine_1.12.2_HD_U_C7_pre.jar'
[19:29:40] [main/INFO]: Ignoring C:\Users\MuhsinunC\AppData\Roaming\.minecraft\mods\Zenos Adventure Modpack 1.12.2\mods\preview-OptiFine_1.12.2_HD_U_C7_pre.jar
[19:29:40] [main/INFO]: Inspecting jar metadata in 'RedstoneFlux-1.12-2.0.1.2-universal.jar'
[19:29:40] [main/INFO]: Ignoring C:\Users\MuhsinunC\AppData\Roaming\.minecraft\mods\Zenos Adventure Modpack 1.12.2\mods\RedstoneFlux-1.12-2.0.1.2-universal.jar
[19:29:40] [main/INFO]: Inspecting jar metadata in 'refinedstorage-1.5.20.jar'
[19:29:40] [main/INFO]: Ignoring C:\Users\MuhsinunC\AppData\Roaming\.minecraft\mods\Zenos Adventure Modpack 1.12.2\mods\refinedstorage-1.5.20.jar
[19:29:40] [main/INFO]: Inspecting jar metadata in 'rftools-1.12-7.11.jar'
[19:29:40] [main/INFO]: Ignoring C:\Users\MuhsinunC\AppData\Roaming\.minecraft\mods\Zenos Adventure Modpack 1.12.2\mods\rftools-1.12-7.11.jar
[19:29:40] [main/INFO]: Inspecting jar metadata in 'rftoolsdim-1.12-5.05.jar'
[19:29:40] [main/INFO]: Ignoring C:\Users\MuhsinunC\AppData\Roaming\.minecraft\mods\Zenos Adventure Modpack 1.12.2\mods\rftoolsdim-1.12-5.05.jar
[19:29:40] [main/INFO]: Inspecting jar metadata in 'TConstruct-1.12-2.7.4.34.jar'
[19:29:40] [main/INFO]: Ignoring C:\Users\MuhsinunC\AppData\Roaming\.minecraft\mods\Zenos Adventure Modpack 1.12.2\mods\TConstruct-1.12-2.7.4.34.jar
[19:29:40] [main/INFO]: Inspecting jar metadata in 'theoneprobe-1.12-1.4.18.jar'
[19:29:40] [main/INFO]: Ignoring C:\Users\MuhsinunC\AppData\Roaming\.minecraft\mods\Zenos Adventure Modpack 1.12.2\mods\theoneprobe-1.12-1.4.18.jar
[19:29:40] [main/INFO]: Inspecting jar metadata in 'ThermalDynamics-1.12-2.3.6.13-universal.jar'
[19:29:40] [main/INFO]: Ignoring C:\Users\MuhsinunC\AppData\Roaming\.minecraft\mods\Zenos Adventure Modpack 1.12.2\mods\ThermalDynamics-1.12-2.3.6.13-universal.jar
[19:29:40] [main/INFO]: Inspecting jar metadata in 'ThermalExpansion-1.12-5.3.6.20-universal.jar'
[19:29:40] [main/INFO]: Ignoring C:\Users\MuhsinunC\AppData\Roaming\.minecraft\mods\Zenos Adventure Modpack 1.12.2\mods\ThermalExpansion-1.12-5.3.6.20-universal.jar
[19:29:40] [main/INFO]: Inspecting jar metadata in 'ThermalFoundation-1.12-2.3.6.16-universal.jar'
[19:29:40] [main/INFO]: Ignoring C:\Users\MuhsinunC\AppData\Roaming\.minecraft\mods\Zenos Adventure Modpack 1.12.2\mods\ThermalFoundation-1.12-2.3.6.16-universal.jar
[19:29:40] [main/INFO]: Inspecting jar metadata in 'VeinMiner-1.12-0.38.1.639+134fb1e.jar'
[19:29:40] [main/INFO]: Ignoring C:\Users\MuhsinunC\AppData\Roaming\.minecraft\mods\Zenos Adventure Modpack 1.12.2\mods\VeinMiner-1.12-0.38.1.639+134fb1e.jar
[19:29:40] [main/INFO]: Discovering valid mod files in folder C:\Users\MuhsinunC\AppData\Roaming\.minecraft\mods\Zenos Adventure Modpack 1.12.2\mods\1.12.2
[19:29:40] [main/INFO]: Discovering tweaks on class path...
[19:29:40] [main/INFO]: Baking listener list for EnumerationObserver with 1 listeners
[19:29:40] [main/INFO]: Registering discovered mod files in folder C:\Users\MuhsinunC\AppData\Roaming\.minecraft\mods\Zenos Adventure Modpack 1.12.2\mods
[19:29:40] [main/INFO]: Registering discovered mod files in folder C:\Users\MuhsinunC\AppData\Roaming\.minecraft\mods\Zenos Adventure Modpack 1.12.2\mods\1.12.2
[19:29:40] [main/INFO]: Initialising LiteLoader Mixins
[19:29:40] [main/INFO]: LiteLoader PREINIT complete
[19:29:43] [main/INFO]: FML detected, switching to searge mappings
[19:29:55] [main/INFO]: Generating new Event Handler Proxy Class com.mumfrey.liteloader.core.event.EventProxy
[19:29:55] [main/INFO]: Successfully generated event handler proxy class with 2 handlers(s) and 2 total invocations
[19:31:19] [main/INFO]: JInput Component Registry is initialising...
[19:31:19] [main/INFO]: Inspecting Mouse controller HID-compliant mouse on Unknown...
[19:31:19] [main/INFO]: Inspecting Keyboard controller Standard PS/2 Keyboard on Unknown...
[19:31:19] [main/INFO]: Inspecting Mouse controller Dell Touchpad on Unknown...
[19:31:19] [main/INFO]: Inspecting Unknown controller Airplane Mode Switch on Unknown...
[19:31:19] [main/INFO]: JInput Component Registry initialised, found 4 controller(s) 128 component(s)
[19:31:19] [main/INFO]: LiteLoader begin INIT...
[19:31:19] [main/INFO]: Baking listener list for CoreProvider with 2 listeners
[19:31:19] [main/INFO]: Injecting external mods into class path...
[19:31:19] [main/INFO]: Injecting external mods into class path...
[19:31:19] [main/INFO]: Discovering mods on class path...
[19:31:19] [main/INFO]: Searching C:\Users\MuhsinunC\AppData\Roaming\.minecraft\libraries\net\minecraftforge\forge\1.12.2-14.23.0.2503\forge-1.12.2-14.23.0.2503.jar...
[19:31:19] [main/INFO]: Searching C:\Users\MuhsinunC\AppData\Roaming\.minecraft\libraries\net\minecraft\launchwrapper\1.12\launchwrapper-1.12.jar...
[19:31:19] [main/INFO]: Searching C:\Users\MuhsinunC\AppData\Roaming\.minecraft\libraries\org\ow2\asm\asm-all\5.2\asm-all-5.2.jar...
[19:31:19] [main/INFO]: Searching C:\Users\MuhsinunC\AppData\Roaming\.minecraft\libraries\jline\jline\2.13\jline-2.13.jar...
[19:31:19] [main/INFO]: Searching C:\Users\MuhsinunC\AppData\Roaming\.minecraft\libraries\com\typesafe\akka\akka-actor_2.11\2.3.3\akka-actor_2.11-2.3.3.jar...
[19:31:19] [main/INFO]: Searching C:\Users\MuhsinunC\AppData\Roaming\.minecraft\libraries\com\typesafe\config\1.2.1\config-1.2.1.jar...
[19:31:19] [main/INFO]: Searching C:\Users\MuhsinunC\AppData\Roaming\.minecraft\libraries\org\scala-lang\scala-actors-migration_2.11\1.1.0\scala-actors-migration_2.11-1.1.0.jar...
[19:31:19] [main/INFO]: Searching C:\Users\MuhsinunC\AppData\Roaming\.minecraft\libraries\org\scala-lang\scala-compiler\2.11.1\scala-compiler-2.11.1.jar...
[19:31:20] [main/INFO]: Searching C:\Users\MuhsinunC\AppData\Roaming\.minecraft\libraries\org\scala-lang\plugins\scala-continuations-library_2.11\1.0.2\scala-continuations-library_2.11-1.0.2.jar...
[19:31:20] [main/INFO]: Searching C:\Users\MuhsinunC\AppData\Roaming\.minecraft\libraries\org\scala-lang\plugins\scala-continuations-plugin_2.11.1\1.0.2\scala-continuations-plugin_2.11.1-1.0.2.jar...
[19:31:20] [main/INFO]: Searching C:\Users\MuhsinunC\AppData\Roaming\.minecraft\libraries\org\scala-lang\scala-library\2.11.1\scala-library-2.11.1.jar...
[19:31:20] [main/INFO]: Searching C:\Users\MuhsinunC\AppData\Roaming\.minecraft\libraries\org\scala-lang\scala-parser-combinators_2.11\1.0.1\scala-parser-combinators_2.11-1.0.1.jar...
[19:31:20] [main/INFO]: Searching C:\Users\MuhsinunC\AppData\Roaming\.minecraft\libraries\org\scala-lang\scala-reflect\2.11.1\scala-reflect-2.11.1.jar...
[19:31:20] [main/INFO]: Searching C:\Users\MuhsinunC\AppData\Roaming\.minecraft\libraries\org\scala-lang\scala-swing_2.11\1.0.1\scala-swing_2.11-1.0.1.jar...
[19:31:20] [main/INFO]: Searching C:\Users\MuhsinunC\AppData\Roaming\.minecraft\libraries\org\scala-lang\scala-xml_2.11\1.0.2\scala-xml_2.11-1.0.2.jar...
[19:31:20] [main/INFO]: Searching C:\Users\MuhsinunC\AppData\Roaming\.minecraft\libraries\lzma\lzma\0.0.1\lzma-0.0.1.jar...
[19:31:20] [main/INFO]: Searching C:\Users\MuhsinunC\AppData\Roaming\.minecraft\libraries\net\sf\jopt-simple\jopt-simple\5.0.3\jopt-simple-5.0.3.jar...
[19:31:20] [main/INFO]: Searching C:\Users\MuhsinunC\AppData\Roaming\.minecraft\libraries\java3d\vecmath\1.5.2\vecmath-1.5.2.jar...
[19:31:20] [main/INFO]: Searching C:\Users\MuhsinunC\AppData\Roaming\.minecraft\libraries\net\sf\trove4j\trove4j\3.0.3\trove4j-3.0.3.jar...
[19:31:20] [main/INFO]: Searching C:\Users\MuhsinunC\AppData\Roaming\.minecraft\libraries\net\minecraftforge\MercuriusUpdater\1.12.2\MercuriusUpdater-1.12.2.jar...
[19:31:20] [main/INFO]: Searching C:\Users\MuhsinunC\AppData\Roaming\.minecraft\libraries\com\mojang\patchy\1.1\patchy-1.1.jar...
[19:31:20] [main/INFO]: Searching C:\Users\MuhsinunC\AppData\Roaming\.minecraft\libraries\oshi-project\oshi-core\1.1\oshi-core-1.1.jar...
[19:31:20] [main/INFO]: Searching C:\Users\MuhsinunC\AppData\Roaming\.minecraft\libraries\net\java\dev\jna\jna\4.4.0\jna-4.4.0.jar...
[19:31:20] [main/INFO]: Searching C:\Users\MuhsinunC\AppData\Roaming\.minecraft\libraries\net\java\dev\jna\platform\3.4.0\platform-3.4.0.jar...
[19:31:20] [main/INFO]: Searching C:\Users\MuhsinunC\AppData\Roaming\.minecraft\libraries\com\ibm\icu\icu4j-core-mojang\51.2\icu4j-core-mojang-51.2.jar...
[19:31:20] [main/INFO]: Searching C:\Users\MuhsinunC\AppData\Roaming\.minecraft\libraries\net\sf\jopt-simple\jopt-simple\5.0.3\jopt-simple-5.0.3.jar...
[19:31:20] [main/INFO]: Searching C:\Users\MuhsinunC\AppData\Roaming\.minecraft\libraries\com\paulscode\codecjorbis\20101023\codecjorbis-20101023.jar...
[19:31:20] [main/INFO]: Searching C:\Users\MuhsinunC\AppData\Roaming\.minecraft\libraries\com\paulscode\codecwav\20101023\codecwav-20101023.jar...
[19:31:20] [main/INFO]: Searching C:\Users\MuhsinunC\AppData\Roaming\.minecraft\libraries\com\paulscode\libraryjavasound\20101123\libraryjavasound-20101123.jar...
[19:31:20] [main/INFO]: Searching C:\Users\MuhsinunC\AppData\Roaming\.minecraft\libraries\com\paulscode\librarylwjglopenal\20100824\librarylwjglopenal-20100824.jar...
[19:31:20] [main/INFO]: Searching C:\Users\MuhsinunC\AppData\Roaming\.minecraft\libraries\com\paulscode\soundsystem\20120107\soundsystem-20120107.jar...
[19:31:20] [main/INFO]: Searching C:\Users\MuhsinunC\AppData\Roaming\.minecraft\libraries\io\netty\netty-all\4.1.9.Final\netty-all-4.1.9.Final.jar...
[19:31:20] [main/INFO]: Searching C:\Users\MuhsinunC\AppData\Roaming\.minecraft\libraries\com\google\guava\guava\21.0\guava-21.0.jar...
[19:31:20] [main/INFO]: Searching C:\Users\MuhsinunC\AppData\Roaming\.minecraft\libraries\org\apache\commons\commons-lang3\3.5\commons-lang3-3.5.jar...
[19:31:20] [main/INFO]: Searching C:\Users\MuhsinunC\AppData\Roaming\.minecraft\libraries\commons-io\commons-io\2.5\commons-io-2.5.jar...
[19:31:20] [main/INFO]: Searching C:\Users\MuhsinunC\AppData\Roaming\.minecraft\libraries\commons-codec\commons-codec\1.10\commons-codec-1.10.jar...
[19:31:20] [main/INFO]: Searching C:\Users\MuhsinunC\AppData\Roaming\.minecraft\libraries\net\java\jinput\jinput\2.0.5\jinput-2.0.5.jar...
[19:31:20] [main/INFO]: Searching C:\Users\MuhsinunC\AppData\Roaming\.minecraft\libraries\net\java\jutils\jutils\1.0.0\jutils-1.0.0.jar...
[19:31:20] [main/INFO]: Searching C:\Users\MuhsinunC\AppData\Roaming\.minecraft\libraries\com\google\code\gson\gson\2.8.0\gson-2.8.0.jar...
[19:31:20] [main/INFO]: Searching C:\Users\MuhsinunC\AppData\Roaming\.minecraft\libraries\com\mojang\authlib\1.5.25\authlib-1.5.25.jar...
[19:31:20] [main/INFO]: Searching C:\Users\MuhsinunC\AppData\Roaming\.minecraft\libraries\com\mojang\realms\1.10.17\realms-1.10.17.jar...
[19:31:20] [main/INFO]: Searching C:\Users\MuhsinunC\AppData\Roaming\.minecraft\libraries\org\apache\commons\commons-compress\1.8.1\commons-compress-1.8.1.jar...
[19:31:20] [main/INFO]: Searching C:\Users\MuhsinunC\AppData\Roaming\.minecraft\libraries\org\apache\httpcomponents\httpclient\4.3.3\httpclient-4.3.3.jar...
[19:31:20] [main/INFO]: Searching C:\Users\MuhsinunC\AppData\Roaming\.minecraft\libraries\commons-logging\commons-logging\1.1.3\commons-logging-1.1.3.jar...
[19:31:20] [main/INFO]: Searching C:\Users\MuhsinunC\AppData\Roaming\.minecraft\libraries\org\apache\httpcomponents\httpcore\4.3.2\httpcore-4.3.2.jar...
[19:31:20] [main/INFO]: Searching C:\Users\MuhsinunC\AppData\Roaming\.minecraft\libraries\it\unimi\dsi\fastutil\7.1.0\fastutil-7.1.0.jar...
[19:31:20] [main/INFO]: Searching C:\Users\MuhsinunC\AppData\Roaming\.minecraft\libraries\org\apache\logging\log4j\log4j-api\2.8.1\log4j-api-2.8.1.jar...
[19:31:20] [main/INFO]: Searching C:\Users\MuhsinunC\AppData\Roaming\.minecraft\libraries\org\apache\logging\log4j\log4j-core\2.8.1\log4j-core-2.8.1.jar...
[19:31:20] [main/INFO]: Searching C:\Users\MuhsinunC\AppData\Roaming\.minecraft\libraries\org\lwjgl\lwjgl\lwjgl\2.9.4-nightly-20150209\lwjgl-2.9.4-nightly-20150209.jar...
[19:31:20] [main/INFO]: Searching C:\Users\MuhsinunC\AppData\Roaming\.minecraft\libraries\org\lwjgl\lwjgl\lwjgl_util\2.9.4-nightly-20150209\lwjgl_util-2.9.4-nightly-20150209.jar...
[19:31:20] [main/INFO]: Searching C:\Users\MuhsinunC\AppData\Roaming\.minecraft\libraries\com\mojang\text2speech\1.10.3\text2speech-1.10.3.jar...
[19:31:20] [main/INFO]: Searching C:\Users\MuhsinunC\AppData\Roaming\.minecraft\versions\1.12.2\1.12.2.jar...
[19:31:20] [main/INFO]: Discovering mods in valid mod files...
[19:31:20] [main/INFO]: Discovering mods in valid mod files...
[19:31:20] [main/INFO]: Mod class discovery completed
[19:31:20] [main/INFO]: LiteLoader begin POSTINIT...
[19:31:20] [main/INFO]: Inhibiting sound handler reload
[19:31:20] [main/INFO]: Registering interface provider com.mumfrey.liteloader.client.LiteLoaderEventBrokerClient for API LiteLoader core API
[19:31:20] [main/INFO]: Registering interface provider com.mumfrey.liteloader.client.PacketEventsClient for API LiteLoader core API
[19:31:20] [main/INFO]: Registering interface provider com.mumfrey.liteloader.client.ClientPluginChannelsClient for API LiteLoader core API
[19:31:20] [main/INFO]: Registering interface provider com.mumfrey.liteloader.core.ServerPluginChannels for API LiteLoader core API
[19:31:20] [main/INFO]: Registering interface provider com.mumfrey.liteloader.messaging.MessageBus for API LiteLoader core API
[19:31:20] [main/INFO]: Discovered 0 total mod(s), injected 0 tweak(s)
[19:31:20] [main/INFO]: No mod classes were found. Not loading any mods.
[19:32:20] [main/INFO]: Baking listener list for ViewportListener with 0 listeners
[19:32:20] [main/INFO]: Sound handler reload inhibit removed
[19:32:20] [main/INFO]: Reloading sound handler
[19:32:21] [main/INFO]: Baking listener list for GameLoopListener with 0 listeners
[19:32:21] [main/INFO]: Baking listener list for RenderListener with 0 listeners
[19:32:22] [main/INFO]: Baking listener list for TickObserver with 3 listeners
[19:32:22] [main/INFO]: Baking listener list for PostRenderObserver with 3 listeners
[19:32:22] [main/INFO]: Baking listener list for Tickable with 0 listeners
[19:32:57] [main/INFO]: Baking listener list for ServerCommandProvider with 0 listeners
[19:33:02] [Server thread/INFO]: Baking listener list for IEventState with 0 listeners
[19:33:02] [Server thread/INFO]: Baking listener list for ServerTickable with 0 listeners
[19:33:03] [Netty Server IO #1/INFO]: Generating new Event Handler Proxy Class com.mumfrey.liteloader.core.event.EventProxy$2
[19:33:03] [Netty Server IO #1/INFO]: Successfully generated event handler proxy class with 122 handlers(s) and 122 total invocations
[19:33:03] [Netty Local Client IO #0/INFO]: Baking listener list for PostLoginListener with 0 listeners
[19:33:04] [Server thread/INFO]: Baking listener list for ServerPlayerListener with 0 listeners
[19:33:04] [Server thread/INFO]: Baking listener list for IEventState with 1 listeners
[19:33:04] [main/INFO]: Baking listener list for PreJoinGameListener with 0 listeners
[19:33:09] [main/INFO]: Baking listener list for JoinGameListener with 0 listeners
[19:33:09] [main/INFO]: Baking listener list for PreRenderListener with 0 listeners
[19:33:10] [main/INFO]: Baking listener list for PostRenderListener with 0 listeners
[19:33:10] [main/INFO]: Baking listener list for HUDRenderListener with 0 listeners
[19:33:10] [main/INFO]: Baking listener list for WorldObserver with 2 listeners
[19:33:10] [Server thread/INFO]: Baking listener list for PlayerMoveListener with 0 listeners
[19:33:10] [main/INFO]: Baking listener list for ChatListener with 0 listeners
[19:33:11] [main/INFO]: Baking listener list for EntityRenderListener with 0 listeners
[19:33:16] [main/INFO]: Baking listener list for PlayerClickListener with 0 listeners
[19:33:16] [Server thread/INFO]: Baking listener list for PlayerInteractionListener with 0 listeners
[19:36:20] [main/INFO]: LiteLoader is shutting down, shutting down core providers and syncing configuration
[19:36:20] [main/INFO]: Baking listener list for ShutdownObserver with 3 listeners
